0 info it worked if it ends with ok
1 verbose cli [ 'C:\\Program Files\\nodejs\\node.exe',
1 verbose cli   'C:\\Program Files\\nodejs\\node_modules\\npm\\bin\\npm-cli.js',
1 verbose cli   'install',
1 verbose cli   'ssh2' ]
2 info using npm@3.10.3
3 info using node@v6.6.0
4 silly loadCurrentTree Starting
5 silly install loadCurrentTree
6 silly install readLocalPackageData
7 silly fetchPackageMetaData ssh2
8 silly fetchNamedPackageData ssh2
9 silly mapToRegistry name ssh2
10 silly mapToRegistry using default registry
11 silly mapToRegistry registry https://registry.npmjs.org/
12 silly mapToRegistry data Result {
12 silly mapToRegistry   raw: 'ssh2',
12 silly mapToRegistry   scope: null,
12 silly mapToRegistry   escapedName: 'ssh2',
12 silly mapToRegistry   name: 'ssh2',
12 silly mapToRegistry   rawSpec: '',
12 silly mapToRegistry   spec: 'latest',
12 silly mapToRegistry   type: 'tag' }
13 silly mapToRegistry uri https://registry.npmjs.org/ssh2
14 verbose request uri https://registry.npmjs.org/ssh2
15 verbose request no auth needed
16 info attempt registry request try #1 at 5:33:48 PM
17 verbose request id af3f8428d82a89a7
18 verbose etag "97V1SL2HQL5X009MIQP0QZFJY"
19 http request GET https://registry.npmjs.org/ssh2
20 http 304 https://registry.npmjs.org/ssh2
21 verbose headers { date: 'Sun, 16 Oct 2016 21:33:48 GMT',
21 verbose headers   via: '1.1 varnish',
21 verbose headers   'cache-control': 'max-age=300',
21 verbose headers   etag: '"97V1SL2HQL5X009MIQP0QZFJY"',
21 verbose headers   age: '0',
21 verbose headers   connection: 'keep-alive',
21 verbose headers   'x-served-by': 'cache-iad2633-IAD',
21 verbose headers   'x-cache': 'HIT',
21 verbose headers   'x-cache-hits': '1',
21 verbose headers   'x-timer': 'S1476653628.789576,VS0,VE390',
21 verbose headers   vary: 'Accept-Encoding' }
22 silly get cb [ 304,
22 silly get   { date: 'Sun, 16 Oct 2016 21:33:48 GMT',
22 silly get     via: '1.1 varnish',
22 silly get     'cache-control': 'max-age=300',
22 silly get     etag: '"97V1SL2HQL5X009MIQP0QZFJY"',
22 silly get     age: '0',
22 silly get     connection: 'keep-alive',
22 silly get     'x-served-by': 'cache-iad2633-IAD',
22 silly get     'x-cache': 'HIT',
22 silly get     'x-cache-hits': '1',
22 silly get     'x-timer': 'S1476653628.789576,VS0,VE390',
22 silly get     vary: 'Accept-Encoding' } ]
23 verbose etag https://registry.npmjs.org/ssh2 from cache
24 verbose get saving ssh2 to C:\Users\gelfmanr\AppData\Roaming\npm-cache\registry.npmjs.org\ssh2\.cache.json
25 verbose correctMkdir C:\Users\gelfmanr\AppData\Roaming\npm-cache correctMkdir not in flight; initializing
26 silly install normalizeTree
27 silly loadCurrentTree Finishing
28 silly loadIdealTree Starting
29 silly install loadIdealTree
30 silly cloneCurrentTree Starting
31 silly install cloneCurrentTreeToIdealTree
32 silly cloneCurrentTree Finishing
33 silly loadShrinkwrap Starting
34 silly install loadShrinkwrap
35 silly loadShrinkwrap Finishing
36 silly loadAllDepsIntoIdealTree Starting
37 silly install loadAllDepsIntoIdealTree
38 silly resolveWithNewModule ssh2@0.5.2 checking installable status
39 silly cache add args [ 'ssh2', null ]
40 verbose cache add spec ssh2
41 silly cache add parsed spec Result {
41 silly cache add   raw: 'ssh2',
41 silly cache add   scope: null,
41 silly cache add   escapedName: 'ssh2',
41 silly cache add   name: 'ssh2',
41 silly cache add   rawSpec: '',
41 silly cache add   spec: 'latest',
41 silly cache add   type: 'tag' }
42 silly addNamed ssh2@latest
43 verbose addNamed "latest" is being treated as a dist-tag for ssh2
44 info addNameTag [ 'ssh2', 'latest' ]
45 silly mapToRegistry name ssh2
46 silly mapToRegistry using default registry
47 silly mapToRegistry registry https://registry.npmjs.org/
48 silly mapToRegistry data Result {
48 silly mapToRegistry   raw: 'ssh2',
48 silly mapToRegistry   scope: null,
48 silly mapToRegistry   escapedName: 'ssh2',
48 silly mapToRegistry   name: 'ssh2',
48 silly mapToRegistry   rawSpec: '',
48 silly mapToRegistry   spec: 'latest',
48 silly mapToRegistry   type: 'tag' }
49 silly mapToRegistry uri https://registry.npmjs.org/ssh2
50 verbose addNameTag registry:https://registry.npmjs.org/ssh2 not in flight; fetching
51 verbose get https://registry.npmjs.org/ssh2 not expired, no request
52 silly addNameTag next cb for ssh2 with tag latest
53 silly addNamed ssh2@0.5.2
54 verbose addNamed "0.5.2" is a plain semver version for ssh2
55 silly cache afterAdd ssh2@0.5.2
56 verbose afterAdd C:\Users\gelfmanr\AppData\Roaming\npm-cache\ssh2\0.5.2\package\package.json not in flight; writing
57 verbose correctMkdir C:\Users\gelfmanr\AppData\Roaming\npm-cache correctMkdir not in flight; initializing
58 verbose afterAdd C:\Users\gelfmanr\AppData\Roaming\npm-cache\ssh2\0.5.2\package\package.json written
59 silly fetchNamedPackageData ssh2
60 silly mapToRegistry name ssh2
61 silly mapToRegistry using default registry
62 silly mapToRegistry registry https://registry.npmjs.org/
63 silly mapToRegistry data Result {
63 silly mapToRegistry   raw: 'ssh2',
63 silly mapToRegistry   scope: null,
63 silly mapToRegistry   escapedName: 'ssh2',
63 silly mapToRegistry   name: 'ssh2',
63 silly mapToRegistry   rawSpec: '',
63 silly mapToRegistry   spec: 'latest',
63 silly mapToRegistry   type: 'tag' }
64 silly mapToRegistry uri https://registry.npmjs.org/ssh2
65 silly resolveWithNewModule ssh2@0.3.6 checking installable status
66 silly cache add args [ 'ssh2@~0.3.3', null ]
67 verbose cache add spec ssh2@~0.3.3
68 silly cache add parsed spec Result {
68 silly cache add   raw: 'ssh2@~0.3.3',
68 silly cache add   scope: null,
68 silly cache add   escapedName: 'ssh2',
68 silly cache add   name: 'ssh2',
68 silly cache add   rawSpec: '~0.3.3',
68 silly cache add   spec: '>=0.3.3 <0.4.0',
68 silly cache add   type: 'range' }
69 silly addNamed ssh2@>=0.3.3 <0.4.0
70 verbose addNamed ">=0.3.3 <0.4.0" is a valid semver range for ssh2
71 silly addNameRange { name: 'ssh2', range: '>=0.3.3 <0.4.0', hasData: false }
72 silly mapToRegistry name ssh2
73 silly mapToRegistry using default registry
74 silly mapToRegistry registry https://registry.npmjs.org/
75 silly mapToRegistry data Result {
75 silly mapToRegistry   raw: 'ssh2',
75 silly mapToRegistry   scope: null,
75 silly mapToRegistry   escapedName: 'ssh2',
75 silly mapToRegistry   name: 'ssh2',
75 silly mapToRegistry   rawSpec: '',
75 silly mapToRegistry   spec: 'latest',
75 silly mapToRegistry   type: 'tag' }
76 silly mapToRegistry uri https://registry.npmjs.org/ssh2
77 verbose addNameRange registry:https://registry.npmjs.org/ssh2 not in flight; fetching
78 verbose get https://registry.npmjs.org/ssh2 not expired, no request
79 silly addNameRange number 2 { name: 'ssh2', range: '>=0.3.3 <0.4.0', hasData: true }
80 silly addNameRange versions [ 'ssh2',
80 silly addNameRange   [ '0.0.0',
80 silly addNameRange     '0.0.1',
80 silly addNameRange     '0.0.2',
80 silly addNameRange     '0.1.0',
80 silly addNameRange     '0.1.1',
80 silly addNameRange     '0.1.2',
80 silly addNameRange     '0.1.3',
80 silly addNameRange     '0.1.4',
80 silly addNameRange     '0.1.5',
80 silly addNameRange     '0.1.6',
80 silly addNameRange     '0.1.7',
80 silly addNameRange     '0.1.8',
80 silly addNameRange     '0.1.9',
80 silly addNameRange     '0.1.10',
80 silly addNameRange     '0.1.11',
80 silly addNameRange     '0.1.12',
80 silly addNameRange     '0.1.13',
80 silly addNameRange     '0.2.0',
80 silly addNameRange     '0.2.1',
80 silly addNameRange     '0.2.2',
80 silly addNameRange     '0.2.3',
80 silly addNameRange     '0.2.4',
80 silly addNameRange     '0.2.5',
80 silly addNameRange     '0.2.6',
80 silly addNameRange     '0.2.7',
80 silly addNameRange     '0.2.8',
80 silly addNameRange     '0.2.9',
80 silly addNameRange     '0.2.10',
80 silly addNameRange     '0.2.11',
80 silly addNameRange     '0.2.12',
80 silly addNameRange     '0.2.13',
80 silly addNameRange     '0.2.14',
80 silly addNameRange     '0.2.15',
80 silly addNameRange     '0.2.16',
80 silly addNameRange     '0.2.17',
80 silly addNameRange     '0.2.18',
80 silly addNameRange     '0.2.19',
80 silly addNameRange     '0.2.20',
80 silly addNameRange     '0.2.21',
80 silly addNameRange     '0.2.22',
80 silly addNameRange     '0.2.23',
80 silly addNameRange     '0.2.24',
80 silly addNameRange     '0.2.25',
80 silly addNameRange     '0.3.0',
80 silly addNameRange     '0.3.1',
80 silly addNameRange     '0.3.2',
80 silly addNameRange     '0.3.3',
80 silly addNameRange     '0.3.4',
80 silly addNameRange     '0.3.5',
80 silly addNameRange     '0.3.6',
80 silly addNameRange     '0.4.0',
80 silly addNameRange     '0.4.1',
80 silly addNameRange     '0.4.2',
80 silly addNameRange     '0.4.3',
80 silly addNameRange     '0.4.4',
80 silly addNameRange     '0.4.5',
80 silly addNameRange     '0.4.6',
80 silly addNameRange     '0.4.7',
80 silly addNameRange     '0.4.8',
80 silly addNameRange     '0.4.9',
80 silly addNameRange     '0.4.10',
80 silly addNameRange     '0.4.11',
80 silly addNameRange     '0.4.12',
80 silly addNameRange     '0.4.13',
80 silly addNameRange     '0.4.14',
80 silly addNameRange     '0.4.15',
80 silly addNameRange     '0.5.0',
80 silly addNameRange     '0.5.1',
80 silly addNameRange     '0.5.2' ] ]
81 silly addNamed ssh2@0.3.6
82 verbose addNamed "0.3.6" is a plain semver version for ssh2
83 silly cache afterAdd ssh2@0.3.6
84 verbose afterAdd C:\Users\gelfmanr\AppData\Roaming\npm-cache\ssh2\0.3.6\package\package.json not in flight; writing
85 verbose correctMkdir C:\Users\gelfmanr\AppData\Roaming\npm-cache correctMkdir not in flight; initializing
86 verbose afterAdd C:\Users\gelfmanr\AppData\Roaming\npm-cache\ssh2\0.3.6\package\package.json written
87 silly fetchNamedPackageData readable-stream
88 silly mapToRegistry name readable-stream
89 silly mapToRegistry using default registry
90 silly mapToRegistry registry https://registry.npmjs.org/
91 silly mapToRegistry data Result {
91 silly mapToRegistry   raw: 'readable-stream',
91 silly mapToRegistry   scope: null,
91 silly mapToRegistry   escapedName: 'readable-stream',
91 silly mapToRegistry   name: 'readable-stream',
91 silly mapToRegistry   rawSpec: '',
91 silly mapToRegistry   spec: 'latest',
91 silly mapToRegistry   type: 'tag' }
92 silly mapToRegistry uri https://registry.npmjs.org/readable-stream
93 verbose request uri https://registry.npmjs.org/readable-stream
94 verbose request no auth needed
95 info attempt registry request try #1 at 5:33:50 PM
96 verbose etag "CCKCVM7AJRG2NFRFL5SINMT9N"
97 http request GET https://registry.npmjs.org/readable-stream
98 http 304 https://registry.npmjs.org/readable-stream
99 verbose headers { date: 'Sun, 16 Oct 2016 21:33:50 GMT',
99 verbose headers   via: '1.1 varnish',
99 verbose headers   'cache-control': 'max-age=300',
99 verbose headers   etag: '"CCKCVM7AJRG2NFRFL5SINMT9N"',
99 verbose headers   age: '298',
99 verbose headers   connection: 'keep-alive',
99 verbose headers   'x-served-by': 'cache-iad2633-IAD',
99 verbose headers   'x-cache': 'HIT',
99 verbose headers   'x-cache-hits': '28',
99 verbose headers   'x-timer': 'S1476653630.047101,VS0,VE0',
99 verbose headers   vary: 'Accept-Encoding' }
100 silly get cb [ 304,
100 silly get   { date: 'Sun, 16 Oct 2016 21:33:50 GMT',
100 silly get     via: '1.1 varnish',
100 silly get     'cache-control': 'max-age=300',
100 silly get     etag: '"CCKCVM7AJRG2NFRFL5SINMT9N"',
100 silly get     age: '298',
100 silly get     connection: 'keep-alive',
100 silly get     'x-served-by': 'cache-iad2633-IAD',
100 silly get     'x-cache': 'HIT',
100 silly get     'x-cache-hits': '28',
100 silly get     'x-timer': 'S1476653630.047101,VS0,VE0',
100 silly get     vary: 'Accept-Encoding' } ]
101 verbose etag https://registry.npmjs.org/readable-stream from cache
102 verbose get saving readable-stream to C:\Users\gelfmanr\AppData\Roaming\npm-cache\registry.npmjs.org\readable-stream\.cache.json
103 verbose correctMkdir C:\Users\gelfmanr\AppData\Roaming\npm-cache correctMkdir not in flight; initializing
104 silly resolveWithNewModule readable-stream@1.0.27-1 checking installable status
105 silly cache add args [ 'readable-stream@1.0.27-1', null ]
106 verbose cache add spec readable-stream@1.0.27-1
107 silly cache add parsed spec Result {
107 silly cache add   raw: 'readable-stream@1.0.27-1',
107 silly cache add   scope: null,
107 silly cache add   escapedName: 'readable-stream',
107 silly cache add   name: 'readable-stream',
107 silly cache add   rawSpec: '1.0.27-1',
107 silly cache add   spec: '1.0.27-1',
107 silly cache add   type: 'version' }
108 silly addNamed readable-stream@1.0.27-1
109 verbose addNamed "1.0.27-1" is a plain semver version for readable-stream
110 silly mapToRegistry name readable-stream
111 silly mapToRegistry using default registry
112 silly mapToRegistry registry https://registry.npmjs.org/
113 silly mapToRegistry data Result {
113 silly mapToRegistry   raw: 'readable-stream',
113 silly mapToRegistry   scope: null,
113 silly mapToRegistry   escapedName: 'readable-stream',
113 silly mapToRegistry   name: 'readable-stream',
113 silly mapToRegistry   rawSpec: '',
113 silly mapToRegistry   spec: 'latest',
113 silly mapToRegistry   type: 'tag' }
114 silly mapToRegistry uri https://registry.npmjs.org/readable-stream
115 verbose addNameVersion registry:https://registry.npmjs.org/readable-stream not in flight; fetching
116 verbose get https://registry.npmjs.org/readable-stream not expired, no request
117 silly cache afterAdd readable-stream@1.0.27-1
118 verbose afterAdd C:\Users\gelfmanr\AppData\Roaming\npm-cache\readable-stream\1.0.27-1\package\package.json not in flight; writing
119 verbose correctMkdir C:\Users\gelfmanr\AppData\Roaming\npm-cache correctMkdir not in flight; initializing
120 verbose afterAdd C:\Users\gelfmanr\AppData\Roaming\npm-cache\readable-stream\1.0.27-1\package\package.json written
121 silly loadAllDepsIntoIdealTree Finishing
122 silly loadIdealTree Finishing
123 silly currentTree pictureviewer@1.0.0
123 silly currentTree +-- abbrev@1.0.9
123 silly currentTree +-- acorn@4.0.3
123 silly currentTree +-- after@0.8.1
123 silly currentTree +-- amdefine@1.0.0
123 silly currentTree +-- ansi-regex@2.0.0
123 silly currentTree +-- ansi-styles@2.2.1
123 silly currentTree +-- anymatch@1.3.0
123 silly currentTree +-- aproba@1.0.4
123 silly currentTree +-- archy@1.0.0
123 silly currentTree +-- are-we-there-yet@1.1.2
123 silly currentTree +-- arr-diff@2.0.0
123 silly currentTree +-- arr-flatten@1.0.1
123 silly currentTree +-- array-differ@1.0.0
123 silly currentTree +-- array-find-index@1.0.2
123 silly currentTree +-- array-index@1.0.0
123 silly currentTree +-- array-uniq@1.0.3
123 silly currentTree +-- array-unique@0.2.1
123 silly currentTree +-- arraybuffer.slice@0.0.6
123 silly currentTree +-- arrify@1.0.1
123 silly currentTree +-- asn1@0.2.1
123 silly currentTree +-- assert-plus@0.2.0
123 silly currentTree +-- async-each-series@0.1.1
123 silly currentTree +-- async-each@1.0.1
123 silly currentTree +-- async-foreach@0.1.3
123 silly currentTree +-- async@0.9.2
123 silly currentTree +-- asynckit@0.4.0
123 silly currentTree +-- atob@1.1.3
123 silly currentTree +-- aws-sign2@0.6.0
123 silly currentTree +-- aws4@1.5.0
123 silly currentTree +-- balanced-match@0.4.2
123 silly currentTree +-- bcrypt-pbkdf@1.0.0
123 silly currentTree +-- beeper@1.1.0
123 silly currentTree +-- bl@1.1.2
123 silly currentTree | +-- isarray@1.0.0
123 silly currentTree | `-- readable-stream@2.0.6
123 silly currentTree +-- block-stream@0.0.9
123 silly currentTree +-- boom@2.10.1
123 silly currentTree +-- brace-expansion@1.1.6
123 silly currentTree +-- braces@1.8.5
123 silly currentTree +-- builtin-modules@1.1.1
123 silly currentTree +-- camelcase-keys@2.1.0
123 silly currentTree +-- camelcase@2.1.1
123 silly currentTree +-- caseless@0.11.0
123 silly currentTree +-- chalk@1.1.3
123 silly currentTree +-- cliui@3.2.0
123 silly currentTree +-- clone-stats@0.0.1
123 silly currentTree +-- clone@1.0.2
123 silly currentTree +-- code-point-at@1.0.1
123 silly currentTree +-- combined-stream@1.0.5
123 silly currentTree +-- commander@2.9.0
123 silly currentTree +-- concat-map@0.0.1
123 silly currentTree +-- console-control-strings@1.1.0
123 silly currentTree +-- convert-source-map@1.3.0
123 silly currentTree +-- core-util-is@1.0.2
123 silly currentTree +-- cross-spawn@3.0.1
123 silly currentTree +-- cryptiles@2.0.5
123 silly currentTree +-- css@2.2.1
123 silly currentTree | `-- source-map@0.1.43
123 silly currentTree +-- currently-unhandled@0.4.1
123 silly currentTree +-- d@0.1.1
123 silly currentTree +-- dashdash@1.14.0
123 silly currentTree | `-- assert-plus@1.0.0
123 silly currentTree +-- dateformat@1.0.12
123 silly currentTree +-- debug-fabulous@0.0.4
123 silly currentTree | `-- object-assign@4.1.0
123 silly currentTree +-- debug@2.2.0
123 silly currentTree +-- decamelize@1.2.0
123 silly currentTree +-- defaults@1.0.3
123 silly currentTree +-- delayed-stream@1.0.0
123 silly currentTree +-- delegates@1.0.0
123 silly currentTree +-- deprecated@0.0.1
123 silly currentTree +-- detect-file@0.1.0
123 silly currentTree +-- detect-newline@2.1.0
123 silly currentTree +-- duplexer2@0.0.2
123 silly currentTree +-- ecc-jsbn@0.1.1
123 silly currentTree +-- end-of-stream@0.1.5
123 silly currentTree | `-- once@1.3.3
123 silly currentTree +-- error-ex@1.3.0
123 silly currentTree +-- es5-ext@0.10.12
123 silly currentTree +-- es6-iterator@2.0.0
123 silly currentTree +-- es6-symbol@3.1.0
123 silly currentTree +-- escape-string-regexp@1.0.5
123 silly currentTree +-- expand-brackets@0.1.5
123 silly currentTree +-- expand-range@1.8.2
123 silly currentTree +-- expand-tilde@1.2.2
123 silly currentTree +-- extend@3.0.0
123 silly currentTree +-- extglob@0.3.2
123 silly currentTree +-- extsprintf@1.0.2
123 silly currentTree +-- fancy-log@1.2.0
123 silly currentTree +-- filename-regex@2.0.0
123 silly currentTree +-- fill-range@2.2.3
123 silly currentTree +-- find-index@0.1.1
123 silly currentTree +-- find-up@1.1.2
123 silly currentTree +-- findup-sync
123 silly currentTree +-- fined@1.0.2
123 silly currentTree +-- first-chunk-stream@1.0.0
123 silly currentTree +-- flagged-respawn@0.3.2
123 silly currentTree +-- for-in@0.1.6
123 silly currentTree +-- for-own@0.1.4
123 silly currentTree +-- forever-agent@0.6.1
123 silly currentTree +-- form-data@2.0.0
123 silly currentTree +-- fs-exists-sync@0.1.0
123 silly currentTree +-- fs.realpath@1.0.0
123 silly currentTree +-- fstream@1.0.10
123 silly currentTree +-- gauge@2.6.0
123 silly currentTree | `-- object-assign@4.1.0
123 silly currentTree +-- gaze@1.1.2
123 silly currentTree +-- generate-function@2.0.0
123 silly currentTree +-- generate-object-property@1.2.0
123 silly currentTree +-- get-caller-file@1.0.2
123 silly currentTree +-- get-stdin@4.0.1
123 silly currentTree +-- getpass@0.1.6
123 silly currentTree | `-- assert-plus@1.0.0
123 silly currentTree +-- glob-base@0.3.0
123 silly currentTree +-- glob-parent@2.0.0
123 silly currentTree +-- glob-stream@3.1.18
123 silly currentTree | +-- glob@4.5.3
123 silly currentTree | +-- minimatch@2.0.10
123 silly currentTree | +-- readable-stream@1.0.34
123 silly currentTree | `-- through2@0.6.5
123 silly currentTree +-- glob-watcher@0.0.6
123 silly currentTree | +-- gaze@0.5.2
123 silly currentTree | +-- glob@3.1.21
123 silly currentTree | +-- globule@0.1.0
123 silly currentTree | +-- graceful-fs@1.2.3
123 silly currentTree | +-- inherits@1.0.2
123 silly currentTree | +-- lodash@1.0.2
123 silly currentTree | +-- lru-cache@2.7.3
123 silly currentTree | `-- minimatch@0.2.14
123 silly currentTree +-- glob@7.1.1
123 silly currentTree +-- glob2base@0.0.12
123 silly currentTree +-- global-modules@0.2.3
123 silly currentTree +-- global-prefix@0.1.4
123 silly currentTree +-- globule@1.0.0
123 silly currentTree | `-- glob@7.0.6
123 silly currentTree +-- glogg@1.0.0
123 silly currentTree +-- graceful-fs@4.1.9
123 silly currentTree +-- graceful-readlink@1.0.1
123 silly currentTree +-- gulp-sass@2.3.2
123 silly currentTree | +-- isarray@1.0.0
123 silly currentTree | +-- readable-stream@2.0.6
123 silly currentTree | `-- through2@2.0.1
123 silly currentTree +-- gulp-sftp@0.1.5
123 silly currentTree +-- gulp-sourcemaps@1.8.1
123 silly currentTree | +-- isarray@1.0.0
123 silly currentTree | +-- readable-stream@2.0.6
123 silly currentTree | +-- through2@2.0.1
123 silly currentTree | `-- vinyl@1.2.0
123 silly currentTree +-- gulp-ssh@0.6.0
123 silly currentTree | +-- isarray@1.0.0
123 silly currentTree | +-- readable-stream@2.0.6
123 silly currentTree | +-- ssh2@0.5.2
123 silly currentTree | `-- through2@2.0.1
123 silly currentTree +-- gulp-util@3.0.7
123 silly currentTree | +-- isarray@1.0.0
123 silly currentTree | +-- object-assign@3.0.0
123 silly currentTree | +-- readable-stream@2.0.6
123 silly currentTree | `-- through2@2.0.1
123 silly currentTree +-- gulp@3.9.1
123 silly currentTree | `-- semver@4.3.6
123 silly currentTree +-- gulplog@1.0.0
123 silly currentTree +-- har-validator@2.0.6
123 silly currentTree +-- has-ansi@2.0.0
123 silly currentTree +-- has-color@0.1.7
123 silly currentTree +-- has-gulplog@0.1.0
123 silly currentTree +-- has-unicode@2.0.1
123 silly currentTree +-- hawk@3.1.3
123 silly currentTree +-- hoek@2.16.3
123 silly currentTree +-- hosted-git-info@2.1.5
123 silly currentTree +-- http-signature@1.1.1
123 silly currentTree +-- in-publish@2.0.0
123 silly currentTree +-- indent-string@2.1.0
123 silly currentTree +-- inflight@1.0.6
123 silly currentTree +-- inherits@2.0.3
123 silly currentTree +-- ini@1.3.4
123 silly currentTree +-- interpret@1.0.1
123 silly currentTree +-- invert-kv@1.0.0
123 silly currentTree +-- is-absolute@0.2.5
123 silly currentTree | `-- is-windows@0.1.1
123 silly currentTree +-- is-arrayish@0.2.1
123 silly currentTree +-- is-buffer@1.1.4
123 silly currentTree +-- is-builtin-module@1.0.0
123 silly currentTree +-- is-dotfile@1.0.2
123 silly currentTree +-- is-equal-shallow@0.1.3
123 silly currentTree +-- is-extendable@0.1.1
123 silly currentTree +-- is-extglob@1.0.0
123 silly currentTree +-- is-finite@1.0.2
123 silly currentTree +-- is-fullwidth-code-point@1.0.0
123 silly currentTree +-- is-glob@2.0.1
123 silly currentTree +-- is-my-json-valid@2.15.0
123 silly currentTree +-- is-number@2.1.0
123 silly currentTree +-- is-posix-bracket@0.1.1
123 silly currentTree +-- is-primitive@2.0.0
123 silly currentTree +-- is-property@1.0.2
123 silly currentTree +-- is-relative@0.2.1
123 silly currentTree +-- is-typedarray@1.0.0
123 silly currentTree +-- is-unc-path@0.1.1
123 silly currentTree +-- is-utf8@0.2.1
123 silly currentTree +-- is-windows@0.2.0
123 silly currentTree +-- isarray@0.0.1
123 silly currentTree +-- isexe@1.1.2
123 silly currentTree +-- isobject@2.1.0
123 silly currentTree | `-- isarray@1.0.0
123 silly currentTree +-- isstream@0.1.2
123 silly currentTree +-- jodid25519@1.0.2
123 silly currentTree +-- jsbn@0.1.0
123 silly currentTree +-- json-schema@0.2.3
123 silly currentTree +-- json-stringify-safe@5.0.1
123 silly currentTree +-- jsonpointer@4.0.0
123 silly currentTree +-- jsprim@1.3.1
123 silly currentTree +-- kind-of@3.0.4
123 silly currentTree +-- lazy-debug-legacy@0.0.1
123 silly currentTree +-- lcid@1.0.0
123 silly currentTree +-- liftoff@2.3.0
123 silly currentTree | `-- findup-sync@0.4.3
123 silly currentTree +-- load-json-file@1.1.0
123 silly currentTree +-- lodash._basecopy@3.0.1
123 silly currentTree +-- lodash._basetostring@3.0.1
123 silly currentTree +-- lodash._basevalues@3.0.0
123 silly currentTree +-- lodash._getnative@3.9.1
123 silly currentTree +-- lodash._isiterateecall@3.0.9
123 silly currentTree +-- lodash._reescape@3.0.0
123 silly currentTree +-- lodash._reevaluate@3.0.0
123 silly currentTree +-- lodash._reinterpolate@3.0.0
123 silly currentTree +-- lodash._root@3.0.1
123 silly currentTree +-- lodash.assign@4.2.0
123 silly currentTree +-- lodash.assignwith@4.2.0
123 silly currentTree +-- lodash.clonedeep@4.5.0
123 silly currentTree +-- lodash.escape@3.2.0
123 silly currentTree +-- lodash.isarguments@3.1.0
123 silly currentTree +-- lodash.isarray@3.0.4
123 silly currentTree +-- lodash.isempty@4.4.0
123 silly currentTree +-- lodash.isplainobject@4.0.6
123 silly currentTree +-- lodash.isstring@4.0.1
123 silly currentTree +-- lodash.keys@3.1.2
123 silly currentTree +-- lodash.mapvalues@4.6.0
123 silly currentTree +-- lodash.pick@4.4.0
123 silly currentTree +-- lodash.restparam@3.6.1
123 silly currentTree +-- lodash.template@3.6.2
123 silly currentTree +-- lodash.templatesettings@3.1.1
123 silly currentTree +-- lodash@4.9.0
123 silly currentTree +-- loud-rejection@1.6.0
123 silly currentTree +-- lru-cache@4.0.1
123 silly currentTree +-- map-cache@0.2.2
123 silly currentTree +-- map-obj@1.0.1
123 silly currentTree +-- meow@3.7.0
123 silly currentTree | `-- object-assign@4.1.0
123 silly currentTree +-- micromatch@2.3.11
123 silly currentTree +-- mime-db@1.24.0
123 silly currentTree +-- mime-types@2.1.12
123 silly currentTree +-- minimatch@3.0.3
123 silly currentTree +-- minimist@1.2.0
123 silly currentTree +-- mkdirp@0.5.1
123 silly currentTree | `-- minimist@0.0.8
123 silly currentTree +-- ms@0.7.1
123 silly currentTree +-- multipipe@0.1.2
123 silly currentTree +-- nan@2.4.0
123 silly currentTree +-- natives@1.1.0
123 silly currentTree +-- node-gyp@3.4.0
123 silly currentTree | `-- npmlog@3.1.2
123 silly currentTree +-- node-sass@3.10.1
123 silly currentTree +-- node-uuid@1.4.7
123 silly currentTree +-- nopt@3.0.6
123 silly currentTree +-- normalize-package-data@2.3.5
123 silly currentTree +-- normalize-path@2.0.1
123 silly currentTree +-- npmlog@4.0.0
123 silly currentTree +-- number-is-nan@1.0.1
123 silly currentTree +-- oauth-sign@0.8.2
123 silly currentTree +-- object-assign@0.3.1
123 silly currentTree +-- object-keys@0.4.0
123 silly currentTree +-- object.omit@2.0.0
123 silly currentTree +-- once@1.4.0
123 silly currentTree +-- orchestrator@0.3.7
123 silly currentTree +-- ordered-read-streams@0.1.0
123 silly currentTree +-- os-homedir@1.0.2
123 silly currentTree +-- os-locale@1.4.0
123 silly currentTree +-- os-tmpdir@1.0.2
123 silly currentTree +-- osenv@0.1.3
123 silly currentTree +-- parents@1.0.1
123 silly currentTree +-- parse-filepath@1.0.1
123 silly currentTree +-- parse-glob@3.0.4
123 silly currentTree +-- parse-json@2.2.0
123 silly currentTree +-- path-array@1.0.1
123 silly currentTree +-- path-exists@2.1.0
123 silly currentTree +-- path-is-absolute@1.0.1
123 silly currentTree +-- path-platform@0.11.15
123 silly currentTree +-- path-root-regex@0.1.2
123 silly currentTree +-- path-root@0.1.1
123 silly currentTree +-- path-type@1.1.0
123 silly currentTree +-- pify@2.3.0
123 silly currentTree +-- pinkie-promise@2.0.1
123 silly currentTree +-- pinkie@2.0.4
123 silly currentTree +-- preserve@0.2.0
123 silly currentTree +-- pretty-hrtime@1.0.2
123 silly currentTree +-- process-nextick-args@1.0.7
123 silly currentTree +-- pseudomap@1.0.2
123 silly currentTree +-- qs@6.2.1
123 silly currentTree +-- randomatic@1.1.5
123 silly currentTree +-- read-pkg-up@1.0.1
123 silly currentTree +-- read-pkg@1.1.0
123 silly currentTree +-- readable-stream@1.1.14
123 silly currentTree +-- rechoir@0.6.2
123 silly currentTree +-- redent@1.0.0
123 silly currentTree +-- regex-cache@0.4.3
123 silly currentTree +-- repeat-element@1.1.2
123 silly currentTree +-- repeat-string@1.5.4
123 silly currentTree +-- repeating@2.0.1
123 silly currentTree +-- replace-ext@0.0.1
123 silly currentTree +-- request@2.75.0
123 silly currentTree +-- require-directory@2.1.1
123 silly currentTree +-- require-main-filename@1.0.1
123 silly currentTree +-- resolve-dir@0.1.1
123 silly currentTree +-- resolve-url@0.2.1
123 silly currentTree +-- resolve@1.1.7
123 silly currentTree +-- rimraf@2.5.4
123 silly currentTree +-- sass-graph@2.1.2
123 silly currentTree +-- sass@0.5.0
123 silly currentTree +-- semver@5.3.0
123 silly currentTree +-- sequencify@0.0.7
123 silly currentTree +-- set-blocking@2.0.0
123 silly currentTree +-- sigmund@1.0.1
123 silly currentTree +-- signal-exit@3.0.1
123 silly currentTree +-- sntp@1.0.9
123 silly currentTree +-- source-map-resolve@0.3.1
123 silly currentTree +-- source-map-url@0.3.0
123 silly currentTree +-- source-map@0.5.6
123 silly currentTree +-- sparkles@1.0.0
123 silly currentTree +-- spdx-correct@1.0.2
123 silly currentTree +-- spdx-expression-parse@1.0.4
123 silly currentTree +-- spdx-license-ids@1.2.2
123 silly currentTree +-- ssh2-streams@0.1.11
123 silly currentTree +-- ssh2@0.3.6
123 silly currentTree | `-- readable-stream@1.0.27-1
123 silly currentTree +-- sshpk@1.10.1
123 silly currentTree | +-- asn1@0.2.3
123 silly currentTree | `-- assert-plus@1.0.0
123 silly currentTree +-- stream-consume@0.1.0
123 silly currentTree +-- streamsearch@0.1.2
123 silly currentTree +-- string_decoder@0.10.31
123 silly currentTree +-- string-width@1.0.2
123 silly currentTree +-- stringstream@0.0.5
123 silly currentTree +-- strip-ansi@3.0.1
123 silly currentTree +-- strip-bom@2.0.0
123 silly currentTree +-- strip-indent@1.0.1
123 silly currentTree +-- supports-color@2.0.0
123 silly currentTree +-- tar@2.2.1
123 silly currentTree +-- through2@0.4.2
123 silly currentTree | +-- readable-stream@1.0.34
123 silly currentTree | `-- xtend@2.1.2
123 silly currentTree +-- tildify@1.2.0
123 silly currentTree +-- time-stamp@1.0.1
123 silly currentTree +-- tough-cookie@2.3.1
123 silly currentTree +-- trim-newlines@1.0.0
123 silly currentTree +-- tunnel-agent@0.4.3
123 silly currentTree +-- tweetnacl@0.14.3
123 silly currentTree +-- unc-path-regex@0.1.2
123 silly currentTree +-- unique-stream@1.0.0
123 silly currentTree +-- urix@0.1.0
123 silly currentTree +-- user-home@1.1.1
123 silly currentTree +-- util-deprecate@1.0.2
123 silly currentTree +-- v8flags@2.0.11
123 silly currentTree +-- validate-npm-package-license@3.0.1
123 silly currentTree +-- verror@1.3.6
123 silly currentTree +-- vinyl-fs@0.3.14
123 silly currentTree | +-- clone@0.2.0
123 silly currentTree | +-- graceful-fs@3.0.11
123 silly currentTree | +-- readable-stream@1.0.34
123 silly currentTree | +-- strip-bom@1.0.0
123 silly currentTree | +-- through2@0.6.5
123 silly currentTree | `-- vinyl@0.4.6
123 silly currentTree +-- vinyl-sourcemaps-apply@0.2.1
123 silly currentTree +-- vinyl@0.5.3
123 silly currentTree +-- which-module@1.0.0
123 silly currentTree +-- which@1.2.11
123 silly currentTree +-- wide-align@1.1.0
123 silly currentTree +-- window-size@0.2.0
123 silly currentTree +-- wrap-ansi@2.0.0
123 silly currentTree +-- wrappy@1.0.2
123 silly currentTree +-- xtend@4.0.1
123 silly currentTree +-- y18n@3.2.1
123 silly currentTree +-- yallist@2.0.0
123 silly currentTree +-- yargs-parser@2.4.1
123 silly currentTree | `-- camelcase@3.0.0
123 silly currentTree `-- yargs@4.8.1
124 silly idealTree pictureviewer@1.0.0
124 silly idealTree +-- abbrev@1.0.9
124 silly idealTree +-- acorn@4.0.3
124 silly idealTree +-- after@0.8.1
124 silly idealTree +-- amdefine@1.0.0
124 silly idealTree +-- ansi-regex@2.0.0
124 silly idealTree +-- ansi-styles@2.2.1
124 silly idealTree +-- anymatch@1.3.0
124 silly idealTree +-- aproba@1.0.4
124 silly idealTree +-- archy@1.0.0
124 silly idealTree +-- are-we-there-yet@1.1.2
124 silly idealTree +-- arr-diff@2.0.0
124 silly idealTree +-- arr-flatten@1.0.1
124 silly idealTree +-- array-differ@1.0.0
124 silly idealTree +-- array-find-index@1.0.2
124 silly idealTree +-- array-index@1.0.0
124 silly idealTree +-- array-uniq@1.0.3
124 silly idealTree +-- array-unique@0.2.1
124 silly idealTree +-- arraybuffer.slice@0.0.6
124 silly idealTree +-- arrify@1.0.1
124 silly idealTree +-- asn1@0.2.1
124 silly idealTree +-- assert-plus@0.2.0
124 silly idealTree +-- async-each-series@0.1.1
124 silly idealTree +-- async-each@1.0.1
124 silly idealTree +-- async-foreach@0.1.3
124 silly idealTree +-- async@0.9.2
124 silly idealTree +-- asynckit@0.4.0
124 silly idealTree +-- atob@1.1.3
124 silly idealTree +-- aws-sign2@0.6.0
124 silly idealTree +-- aws4@1.5.0
124 silly idealTree +-- balanced-match@0.4.2
124 silly idealTree +-- bcrypt-pbkdf@1.0.0
124 silly idealTree +-- beeper@1.1.0
124 silly idealTree +-- bl@1.1.2
124 silly idealTree | +-- isarray@1.0.0
124 silly idealTree | `-- readable-stream@2.0.6
124 silly idealTree +-- block-stream@0.0.9
124 silly idealTree +-- boom@2.10.1
124 silly idealTree +-- brace-expansion@1.1.6
124 silly idealTree +-- braces@1.8.5
124 silly idealTree +-- builtin-modules@1.1.1
124 silly idealTree +-- camelcase-keys@2.1.0
124 silly idealTree +-- camelcase@2.1.1
124 silly idealTree +-- caseless@0.11.0
124 silly idealTree +-- chalk@1.1.3
124 silly idealTree +-- cliui@3.2.0
124 silly idealTree +-- clone-stats@0.0.1
124 silly idealTree +-- clone@1.0.2
124 silly idealTree +-- code-point-at@1.0.1
124 silly idealTree +-- combined-stream@1.0.5
124 silly idealTree +-- commander@2.9.0
124 silly idealTree +-- concat-map@0.0.1
124 silly idealTree +-- console-control-strings@1.1.0
124 silly idealTree +-- convert-source-map@1.3.0
124 silly idealTree +-- core-util-is@1.0.2
124 silly idealTree +-- cross-spawn@3.0.1
124 silly idealTree +-- cryptiles@2.0.5
124 silly idealTree +-- css@2.2.1
124 silly idealTree | `-- source-map@0.1.43
124 silly idealTree +-- currently-unhandled@0.4.1
124 silly idealTree +-- d@0.1.1
124 silly idealTree +-- dashdash@1.14.0
124 silly idealTree | `-- assert-plus@1.0.0
124 silly idealTree +-- dateformat@1.0.12
124 silly idealTree +-- debug-fabulous@0.0.4
124 silly idealTree | `-- object-assign@4.1.0
124 silly idealTree +-- debug@2.2.0
124 silly idealTree +-- decamelize@1.2.0
124 silly idealTree +-- defaults@1.0.3
124 silly idealTree +-- delayed-stream@1.0.0
124 silly idealTree +-- delegates@1.0.0
124 silly idealTree +-- deprecated@0.0.1
124 silly idealTree +-- detect-file@0.1.0
124 silly idealTree +-- detect-newline@2.1.0
124 silly idealTree +-- duplexer2@0.0.2
124 silly idealTree +-- ecc-jsbn@0.1.1
124 silly idealTree +-- end-of-stream@0.1.5
124 silly idealTree | `-- once@1.3.3
124 silly idealTree +-- error-ex@1.3.0
124 silly idealTree +-- es5-ext@0.10.12
124 silly idealTree +-- es6-iterator@2.0.0
124 silly idealTree +-- es6-symbol@3.1.0
124 silly idealTree +-- escape-string-regexp@1.0.5
124 silly idealTree +-- expand-brackets@0.1.5
124 silly idealTree +-- expand-range@1.8.2
124 silly idealTree +-- expand-tilde@1.2.2
124 silly idealTree +-- extend@3.0.0
124 silly idealTree +-- extglob@0.3.2
124 silly idealTree +-- extsprintf@1.0.2
124 silly idealTree +-- fancy-log@1.2.0
124 silly idealTree +-- filename-regex@2.0.0
124 silly idealTree +-- fill-range@2.2.3
124 silly idealTree +-- find-index@0.1.1
124 silly idealTree +-- find-up@1.1.2
124 silly idealTree +-- findup-sync
124 silly idealTree +-- fined@1.0.2
124 silly idealTree +-- first-chunk-stream@1.0.0
124 silly idealTree +-- flagged-respawn@0.3.2
124 silly idealTree +-- for-in@0.1.6
124 silly idealTree +-- for-own@0.1.4
124 silly idealTree +-- forever-agent@0.6.1
124 silly idealTree +-- form-data@2.0.0
124 silly idealTree +-- fs-exists-sync@0.1.0
124 silly idealTree +-- fs.realpath@1.0.0
124 silly idealTree +-- fstream@1.0.10
124 silly idealTree +-- gauge@2.6.0
124 silly idealTree | `-- object-assign@4.1.0
124 silly idealTree +-- gaze@1.1.2
124 silly idealTree +-- generate-function@2.0.0
124 silly idealTree +-- generate-object-property@1.2.0
124 silly idealTree +-- get-caller-file@1.0.2
124 silly idealTree +-- get-stdin@4.0.1
124 silly idealTree +-- getpass@0.1.6
124 silly idealTree | `-- assert-plus@1.0.0
124 silly idealTree +-- glob-base@0.3.0
124 silly idealTree +-- glob-parent@2.0.0
124 silly idealTree +-- glob-stream@3.1.18
124 silly idealTree | +-- glob@4.5.3
124 silly idealTree | +-- minimatch@2.0.10
124 silly idealTree | +-- readable-stream@1.0.34
124 silly idealTree | `-- through2@0.6.5
124 silly idealTree +-- glob-watcher@0.0.6
124 silly idealTree | +-- gaze@0.5.2
124 silly idealTree | +-- glob@3.1.21
124 silly idealTree | +-- globule@0.1.0
124 silly idealTree | +-- graceful-fs@1.2.3
124 silly idealTree | +-- inherits@1.0.2
124 silly idealTree | +-- lodash@1.0.2
124 silly idealTree | +-- lru-cache@2.7.3
124 silly idealTree | `-- minimatch@0.2.14
124 silly idealTree +-- glob@7.1.1
124 silly idealTree +-- glob2base@0.0.12
124 silly idealTree +-- global-modules@0.2.3
124 silly idealTree +-- global-prefix@0.1.4
124 silly idealTree +-- globule@1.0.0
124 silly idealTree | `-- glob@7.0.6
124 silly idealTree +-- glogg@1.0.0
124 silly idealTree +-- graceful-fs@4.1.9
124 silly idealTree +-- graceful-readlink@1.0.1
124 silly idealTree +-- gulp-sass@2.3.2
124 silly idealTree | +-- isarray@1.0.0
124 silly idealTree | +-- readable-stream@2.0.6
124 silly idealTree | `-- through2@2.0.1
124 silly idealTree +-- gulp-sftp@0.1.5
124 silly idealTree | +-- readable-stream@1.0.27-1
124 silly idealTree | `-- ssh2@0.3.6
124 silly idealTree +-- gulp-sourcemaps@1.8.1
124 silly idealTree | +-- isarray@1.0.0
124 silly idealTree | +-- readable-stream@2.0.6
124 silly idealTree | +-- through2@2.0.1
124 silly idealTree | `-- vinyl@1.2.0
124 silly idealTree +-- gulp-ssh@0.6.0
124 silly idealTree | +-- isarray@1.0.0
124 silly idealTree | +-- readable-stream@2.0.6
124 silly idealTree | +-- ssh2@0.5.2
124 silly idealTree | `-- through2@2.0.1
124 silly idealTree +-- gulp-util@3.0.7
124 silly idealTree | +-- isarray@1.0.0
124 silly idealTree | +-- object-assign@3.0.0
124 silly idealTree | +-- readable-stream@2.0.6
124 silly idealTree | `-- through2@2.0.1
124 silly idealTree +-- gulp@3.9.1
124 silly idealTree | `-- semver@4.3.6
124 silly idealTree +-- gulplog@1.0.0
124 silly idealTree +-- har-validator@2.0.6
124 silly idealTree +-- has-ansi@2.0.0
124 silly idealTree +-- has-color@0.1.7
124 silly idealTree +-- has-gulplog@0.1.0
124 silly idealTree +-- has-unicode@2.0.1
124 silly idealTree +-- hawk@3.1.3
124 silly idealTree +-- hoek@2.16.3
124 silly idealTree +-- hosted-git-info@2.1.5
124 silly idealTree +-- http-signature@1.1.1
124 silly idealTree +-- in-publish@2.0.0
124 silly idealTree +-- indent-string@2.1.0
124 silly idealTree +-- inflight@1.0.6
124 silly idealTree +-- inherits@2.0.3
124 silly idealTree +-- ini@1.3.4
124 silly idealTree +-- interpret@1.0.1
124 silly idealTree +-- invert-kv@1.0.0
124 silly idealTree +-- is-absolute@0.2.5
124 silly idealTree | `-- is-windows@0.1.1
124 silly idealTree +-- is-arrayish@0.2.1
124 silly idealTree +-- is-buffer@1.1.4
124 silly idealTree +-- is-builtin-module@1.0.0
124 silly idealTree +-- is-dotfile@1.0.2
124 silly idealTree +-- is-equal-shallow@0.1.3
124 silly idealTree +-- is-extendable@0.1.1
124 silly idealTree +-- is-extglob@1.0.0
124 silly idealTree +-- is-finite@1.0.2
124 silly idealTree +-- is-fullwidth-code-point@1.0.0
124 silly idealTree +-- is-glob@2.0.1
124 silly idealTree +-- is-my-json-valid@2.15.0
124 silly idealTree +-- is-number@2.1.0
124 silly idealTree +-- is-posix-bracket@0.1.1
124 silly idealTree +-- is-primitive@2.0.0
124 silly idealTree +-- is-property@1.0.2
124 silly idealTree +-- is-relative@0.2.1
124 silly idealTree +-- is-typedarray@1.0.0
124 silly idealTree +-- is-unc-path@0.1.1
124 silly idealTree +-- is-utf8@0.2.1
124 silly idealTree +-- is-windows@0.2.0
124 silly idealTree +-- isarray@0.0.1
124 silly idealTree +-- isexe@1.1.2
124 silly idealTree +-- isobject@2.1.0
124 silly idealTree | `-- isarray@1.0.0
124 silly idealTree +-- isstream@0.1.2
124 silly idealTree +-- jodid25519@1.0.2
124 silly idealTree +-- jsbn@0.1.0
124 silly idealTree +-- json-schema@0.2.3
124 silly idealTree +-- json-stringify-safe@5.0.1
124 silly idealTree +-- jsonpointer@4.0.0
124 silly idealTree +-- jsprim@1.3.1
124 silly idealTree +-- kind-of@3.0.4
124 silly idealTree +-- lazy-debug-legacy@0.0.1
124 silly idealTree +-- lcid@1.0.0
124 silly idealTree +-- liftoff@2.3.0
124 silly idealTree | `-- findup-sync@0.4.3
124 silly idealTree +-- load-json-file@1.1.0
124 silly idealTree +-- lodash._basecopy@3.0.1
124 silly idealTree +-- lodash._basetostring@3.0.1
124 silly idealTree +-- lodash._basevalues@3.0.0
124 silly idealTree +-- lodash._getnative@3.9.1
124 silly idealTree +-- lodash._isiterateecall@3.0.9
124 silly idealTree +-- lodash._reescape@3.0.0
124 silly idealTree +-- lodash._reevaluate@3.0.0
124 silly idealTree +-- lodash._reinterpolate@3.0.0
124 silly idealTree +-- lodash._root@3.0.1
124 silly idealTree +-- lodash.assign@4.2.0
124 silly idealTree +-- lodash.assignwith@4.2.0
124 silly idealTree +-- lodash.clonedeep@4.5.0
124 silly idealTree +-- lodash.escape@3.2.0
124 silly idealTree +-- lodash.isarguments@3.1.0
124 silly idealTree +-- lodash.isarray@3.0.4
124 silly idealTree +-- lodash.isempty@4.4.0
124 silly idealTree +-- lodash.isplainobject@4.0.6
124 silly idealTree +-- lodash.isstring@4.0.1
124 silly idealTree +-- lodash.keys@3.1.2
124 silly idealTree +-- lodash.mapvalues@4.6.0
124 silly idealTree +-- lodash.pick@4.4.0
124 silly idealTree +-- lodash.restparam@3.6.1
124 silly idealTree +-- lodash.template@3.6.2
124 silly idealTree +-- lodash.templatesettings@3.1.1
124 silly idealTree +-- lodash@4.9.0
124 silly idealTree +-- loud-rejection@1.6.0
124 silly idealTree +-- lru-cache@4.0.1
124 silly idealTree +-- map-cache@0.2.2
124 silly idealTree +-- map-obj@1.0.1
124 silly idealTree +-- meow@3.7.0
124 silly idealTree | `-- object-assign@4.1.0
124 silly idealTree +-- micromatch@2.3.11
124 silly idealTree +-- mime-db@1.24.0
124 silly idealTree +-- mime-types@2.1.12
124 silly idealTree +-- minimatch@3.0.3
124 silly idealTree +-- minimist@1.2.0
124 silly idealTree +-- mkdirp@0.5.1
124 silly idealTree | `-- minimist@0.0.8
124 silly idealTree +-- ms@0.7.1
124 silly idealTree +-- multipipe@0.1.2
124 silly idealTree +-- nan@2.4.0
124 silly idealTree +-- natives@1.1.0
124 silly idealTree +-- node-gyp@3.4.0
124 silly idealTree | `-- npmlog@3.1.2
124 silly idealTree +-- node-sass@3.10.1
124 silly idealTree +-- node-uuid@1.4.7
124 silly idealTree +-- nopt@3.0.6
124 silly idealTree +-- normalize-package-data@2.3.5
124 silly idealTree +-- normalize-path@2.0.1
124 silly idealTree +-- npmlog@4.0.0
124 silly idealTree +-- number-is-nan@1.0.1
124 silly idealTree +-- oauth-sign@0.8.2
124 silly idealTree +-- object-assign@0.3.1
124 silly idealTree +-- object-keys@0.4.0
124 silly idealTree +-- object.omit@2.0.0
124 silly idealTree +-- once@1.4.0
124 silly idealTree +-- orchestrator@0.3.7
124 silly idealTree +-- ordered-read-streams@0.1.0
124 silly idealTree +-- os-homedir@1.0.2
124 silly idealTree +-- os-locale@1.4.0
124 silly idealTree +-- os-tmpdir@1.0.2
124 silly idealTree +-- osenv@0.1.3
124 silly idealTree +-- parents@1.0.1
124 silly idealTree +-- parse-filepath@1.0.1
124 silly idealTree +-- parse-glob@3.0.4
124 silly idealTree +-- parse-json@2.2.0
124 silly idealTree +-- path-array@1.0.1
124 silly idealTree +-- path-exists@2.1.0
124 silly idealTree +-- path-is-absolute@1.0.1
124 silly idealTree +-- path-platform@0.11.15
124 silly idealTree +-- path-root-regex@0.1.2
124 silly idealTree +-- path-root@0.1.1
124 silly idealTree +-- path-type@1.1.0
124 silly idealTree +-- pify@2.3.0
124 silly idealTree +-- pinkie-promise@2.0.1
124 silly idealTree +-- pinkie@2.0.4
124 silly idealTree +-- preserve@0.2.0
124 silly idealTree +-- pretty-hrtime@1.0.2
124 silly idealTree +-- process-nextick-args@1.0.7
124 silly idealTree +-- pseudomap@1.0.2
124 silly idealTree +-- qs@6.2.1
124 silly idealTree +-- randomatic@1.1.5
124 silly idealTree +-- read-pkg-up@1.0.1
124 silly idealTree +-- read-pkg@1.1.0
124 silly idealTree +-- readable-stream@1.1.14
124 silly idealTree +-- rechoir@0.6.2
124 silly idealTree +-- redent@1.0.0
124 silly idealTree +-- regex-cache@0.4.3
124 silly idealTree +-- repeat-element@1.1.2
124 silly idealTree +-- repeat-string@1.5.4
124 silly idealTree +-- repeating@2.0.1
124 silly idealTree +-- replace-ext@0.0.1
124 silly idealTree +-- request@2.75.0
124 silly idealTree +-- require-directory@2.1.1
124 silly idealTree +-- require-main-filename@1.0.1
124 silly idealTree +-- resolve-dir@0.1.1
124 silly idealTree +-- resolve-url@0.2.1
124 silly idealTree +-- resolve@1.1.7
124 silly idealTree +-- rimraf@2.5.4
124 silly idealTree +-- sass-graph@2.1.2
124 silly idealTree +-- sass@0.5.0
124 silly idealTree +-- semver@5.3.0
124 silly idealTree +-- sequencify@0.0.7
124 silly idealTree +-- set-blocking@2.0.0
124 silly idealTree +-- sigmund@1.0.1
124 silly idealTree +-- signal-exit@3.0.1
124 silly idealTree +-- sntp@1.0.9
124 silly idealTree +-- source-map-resolve@0.3.1
124 silly idealTree +-- source-map-url@0.3.0
124 silly idealTree +-- source-map@0.5.6
124 silly idealTree +-- sparkles@1.0.0
124 silly idealTree +-- spdx-correct@1.0.2
124 silly idealTree +-- spdx-expression-parse@1.0.4
124 silly idealTree +-- spdx-license-ids@1.2.2
124 silly idealTree +-- ssh2-streams@0.1.11
124 silly idealTree +-- ssh2@0.5.2
124 silly idealTree +-- sshpk@1.10.1
124 silly idealTree | +-- asn1@0.2.3
124 silly idealTree | `-- assert-plus@1.0.0
124 silly idealTree +-- stream-consume@0.1.0
124 silly idealTree +-- streamsearch@0.1.2
124 silly idealTree +-- string_decoder@0.10.31
124 silly idealTree +-- string-width@1.0.2
124 silly idealTree +-- stringstream@0.0.5
124 silly idealTree +-- strip-ansi@3.0.1
124 silly idealTree +-- strip-bom@2.0.0
124 silly idealTree +-- strip-indent@1.0.1
124 silly idealTree +-- supports-color@2.0.0
124 silly idealTree +-- tar@2.2.1
124 silly idealTree +-- through2@0.4.2
124 silly idealTree | +-- readable-stream@1.0.34
124 silly idealTree | `-- xtend@2.1.2
124 silly idealTree +-- tildify@1.2.0
124 silly idealTree +-- time-stamp@1.0.1
124 silly idealTree +-- tough-cookie@2.3.1
124 silly idealTree +-- trim-newlines@1.0.0
124 silly idealTree +-- tunnel-agent@0.4.3
124 silly idealTree +-- tweetnacl@0.14.3
124 silly idealTree +-- unc-path-regex@0.1.2
124 silly idealTree +-- unique-stream@1.0.0
124 silly idealTree +-- urix@0.1.0
124 silly idealTree +-- user-home@1.1.1
124 silly idealTree +-- util-deprecate@1.0.2
124 silly idealTree +-- v8flags@2.0.11
124 silly idealTree +-- validate-npm-package-license@3.0.1
124 silly idealTree +-- verror@1.3.6
124 silly idealTree +-- vinyl-fs@0.3.14
124 silly idealTree | +-- clone@0.2.0
124 silly idealTree | +-- graceful-fs@3.0.11
124 silly idealTree | +-- readable-stream@1.0.34
124 silly idealTree | +-- strip-bom@1.0.0
124 silly idealTree | +-- through2@0.6.5
124 silly idealTree | `-- vinyl@0.4.6
124 silly idealTree +-- vinyl-sourcemaps-apply@0.2.1
124 silly idealTree +-- vinyl@0.5.3
124 silly idealTree +-- which-module@1.0.0
124 silly idealTree +-- which@1.2.11
124 silly idealTree +-- wide-align@1.1.0
124 silly idealTree +-- window-size@0.2.0
124 silly idealTree +-- wrap-ansi@2.0.0
124 silly idealTree +-- wrappy@1.0.2
124 silly idealTree +-- xtend@4.0.1
124 silly idealTree +-- y18n@3.2.1
124 silly idealTree +-- yallist@2.0.0
124 silly idealTree +-- yargs-parser@2.4.1
124 silly idealTree | `-- camelcase@3.0.0
124 silly idealTree `-- yargs@4.8.1
125 silly generateActionsToTake Starting
126 silly install generateActionsToTake
127 silly generateActionsToTake Finishing
128 silly diffTrees action count 3
129 silly diffTrees move readable-stream@1.0.27-1
130 silly diffTrees add ssh2@0.3.6
131 silly diffTrees update ssh2@0.5.2
132 silly decomposeActions action count 21
133 silly decomposeActions move readable-stream@1.0.27-1
134 silly decomposeActions build readable-stream@1.0.27-1
135 silly decomposeActions install readable-stream@1.0.27-1
136 silly decomposeActions postinstall readable-stream@1.0.27-1
137 silly decomposeActions test readable-stream@1.0.27-1
138 silly decomposeActions fetch ssh2@0.3.6
139 silly decomposeActions extract ssh2@0.3.6
140 silly decomposeActions test ssh2@0.3.6
141 silly decomposeActions preinstall ssh2@0.3.6
142 silly decomposeActions build ssh2@0.3.6
143 silly decomposeActions install ssh2@0.3.6
144 silly decomposeActions postinstall ssh2@0.3.6
145 silly decomposeActions finalize ssh2@0.3.6
146 silly decomposeActions fetch ssh2@0.5.2
147 silly decomposeActions extract ssh2@0.5.2
148 silly decomposeActions test ssh2@0.5.2
149 silly decomposeActions preinstall ssh2@0.5.2
150 silly decomposeActions build ssh2@0.5.2
151 silly decomposeActions install ssh2@0.5.2
152 silly decomposeActions postinstall ssh2@0.5.2
153 silly decomposeActions finalize ssh2@0.5.2
154 silly executeActions Starting
155 silly install executeActions
156 silly doSerial global-install 0
157 silly doParallel fetch 2
158 verbose correctMkdir C:\Users\gelfmanr\AppData\Roaming\npm-cache\_locks correctMkdir not in flight; initializing
159 verbose lock using C:\Users\gelfmanr\AppData\Roaming\npm-cache\_locks\staging-6c960b6d40170f20.lock for C:\frontendclass\project\Sushi\node_modules\.staging
160 silly doParallel extract 2
161 silly extract ssh2@0.3.6
162 silly extract ssh2@0.5.2
163 verbose unbuild node_modules\.staging\ssh2-6e79f70f
164 verbose unbuild node_modules\.staging\ssh2-88719fd2
165 silly gentlyRm C:\frontendclass\project\Sushi\node_modules\.staging\ssh2-6e79f70f is being purged from base C:\frontendclass\project\Sushi
166 verbose gentlyRm don't care about contents; nuking C:\frontendclass\project\Sushi\node_modules\.staging\ssh2-6e79f70f
167 verbose tar unpack C:\Users\gelfmanr\AppData\Roaming\npm-cache\ssh2\0.3.6\package.tgz
168 verbose tar unpacking to C:\frontendclass\project\Sushi\node_modules\.staging\ssh2-6e79f70f
169 silly gentlyRm C:\frontendclass\project\Sushi\node_modules\.staging\ssh2-6e79f70f is being purged
170 verbose gentlyRm don't care about contents; nuking C:\frontendclass\project\Sushi\node_modules\.staging\ssh2-6e79f70f
171 silly gentlyRm C:\frontendclass\project\Sushi\node_modules\.staging\ssh2-88719fd2 is being purged from base C:\frontendclass\project\Sushi
172 verbose gentlyRm don't care about contents; nuking C:\frontendclass\project\Sushi\node_modules\.staging\ssh2-88719fd2
173 silly gunzTarPerm modes [ '777', '666' ]
174 verbose tar unpack C:\Users\gelfmanr\AppData\Roaming\npm-cache\ssh2\0.5.2\package.tgz
175 verbose tar unpacking to C:\frontendclass\project\Sushi\node_modules\.staging\ssh2-88719fd2
176 silly gentlyRm C:\frontendclass\project\Sushi\node_modules\.staging\ssh2-88719fd2 is being purged
177 verbose gentlyRm don't care about contents; nuking C:\frontendclass\project\Sushi\node_modules\.staging\ssh2-88719fd2
178 silly gunzTarPerm modes [ '777', '666' ]
179 silly gunzTarPerm extractEntry
180 silly gunzTarPerm modified mode [ '', 509, 511 ]
181 silly gunzTarPerm extractEntry
182 silly gunzTarPerm modified mode [ '', 509, 511 ]
183 silly gunzTarPerm extractEntry .travis.yml
184 silly gunzTarPerm modified mode [ '.travis.yml', 436, 438 ]
185 silly gunzTarPerm extractEntry LICENSE
186 silly gunzTarPerm modified mode [ 'LICENSE', 436, 438 ]
187 silly gunzTarPerm extractEntry README.md
188 silly gunzTarPerm modified mode [ 'README.md', 436, 438 ]
189 silly gunzTarPerm extractEntry LICENSE
190 silly gunzTarPerm modified mode [ 'LICENSE', 436, 438 ]
191 silly gunzTarPerm extractEntry README.md
192 silly gunzTarPerm modified mode [ 'README.md', 436, 438 ]
193 silly gunzTarPerm extractEntry TODO
194 silly gunzTarPerm modified mode [ 'TODO', 436, 438 ]
195 silly gunzTarPerm extractEntry examples/
196 silly gunzTarPerm modified mode [ 'examples/', 509, 511 ]
197 silly gunzTarPerm extractEntry lib/
198 silly gunzTarPerm modified mode [ 'lib/', 509, 511 ]
199 silly gunzTarPerm extractEntry lib/Channel.js
200 silly gunzTarPerm modified mode [ 'lib/Channel.js', 436, 438 ]
201 silly gunzTarPerm extractEntry examples/server-chat.js
202 silly gunzTarPerm modified mode [ 'examples/server-chat.js', 436, 438 ]
203 silly gunzTarPerm extractEntry examples/sftp-server-download-only.js
204 silly gunzTarPerm modified mode [ 'examples/sftp-server-download-only.js', 436, 438 ]
205 silly gunzTarPerm extractEntry lib/Connection.js
206 silly gunzTarPerm modified mode [ 'lib/Connection.js', 436, 438 ]
207 silly gunzTarPerm extractEntry lib/Parser.constants.js
208 silly gunzTarPerm modified mode [ 'lib/Parser.constants.js', 436, 438 ]
209 silly gunzTarPerm extractEntry lib/Parser.js
210 silly gunzTarPerm modified mode [ 'lib/Parser.js', 436, 438 ]
211 silly gunzTarPerm extractEntry lib/SFTP/
212 silly gunzTarPerm modified mode [ 'lib/SFTP/', 509, 511 ]
213 silly gunzTarPerm extractEntry lib/
214 silly gunzTarPerm modified mode [ 'lib/', 509, 511 ]
215 silly gunzTarPerm extractEntry lib/Channel.js
216 silly gunzTarPerm modified mode [ 'lib/Channel.js', 436, 438 ]
217 silly gunzTarPerm extractEntry lib/SFTPWrapper.js
218 silly gunzTarPerm modified mode [ 'lib/SFTPWrapper.js', 436, 438 ]
219 silly gunzTarPerm extractEntry lib/agent.js
220 silly gunzTarPerm modified mode [ 'lib/agent.js', 436, 438 ]
221 silly gunzTarPerm extractEntry lib/client.js
222 silly gunzTarPerm modified mode [ 'lib/client.js', 436, 438 ]
223 silly gunzTarPerm extractEntry lib/keepalivemgr.js
224 silly gunzTarPerm modified mode [ 'lib/keepalivemgr.js', 436, 438 ]
225 silly gunzTarPerm extractEntry lib/SFTP/SFTPv3.js
226 silly gunzTarPerm modified mode [ 'lib/SFTP/SFTPv3.js', 436, 438 ]
227 silly gunzTarPerm extractEntry lib/SFTP/Stats.js
228 silly gunzTarPerm modified mode [ 'lib/SFTP/Stats.js', 436, 438 ]
229 silly gunzTarPerm extractEntry lib/agent.js
230 silly gunzTarPerm modified mode [ 'lib/agent.js', 436, 438 ]
231 silly gunzTarPerm extractEntry lib/keyParser.js
232 silly gunzTarPerm modified mode [ 'lib/keyParser.js', 436, 438 ]
233 silly gunzTarPerm extractEntry lib/server.js
234 silly gunzTarPerm modified mode [ 'lib/server.js', 436, 438 ]
235 silly gunzTarPerm extractEntry lib/utils.js
236 silly gunzTarPerm modified mode [ 'lib/utils.js', 436, 438 ]
237 silly gunzTarPerm extractEntry package.json
238 silly gunzTarPerm modified mode [ 'package.json', 436, 438 ]
239 silly gunzTarPerm extractEntry lib/utils.js
240 silly gunzTarPerm modified mode [ 'lib/utils.js', 436, 438 ]
241 silly gunzTarPerm extractEntry package.json
242 silly gunzTarPerm modified mode [ 'package.json', 436, 438 ]
243 silly gunzTarPerm extractEntry test/
244 silly gunzTarPerm modified mode [ 'test/', 509, 511 ]
245 silly gunzTarPerm extractEntry test/fixtures/
246 silly gunzTarPerm modified mode [ 'test/fixtures/', 509, 511 ]
247 silly gunzTarPerm extractEntry test/
248 silly gunzTarPerm modified mode [ 'test/', 509, 511 ]
249 silly gunzTarPerm extractEntry test/fixtures/
250 silly gunzTarPerm modified mode [ 'test/fixtures/', 509, 511 ]
251 silly gunzTarPerm extractEntry test/fixtures/authorized_keys
252 silly gunzTarPerm modified mode [ 'test/fixtures/authorized_keys', 436, 438 ]
253 silly gunzTarPerm extractEntry test/fixtures/banner
254 silly gunzTarPerm modified mode [ 'test/fixtures/banner', 436, 438 ]
255 silly gunzTarPerm extractEntry test/fixtures/id_dsa
256 silly gunzTarPerm modified mode [ 'test/fixtures/id_dsa', 436, 438 ]
257 silly gunzTarPerm extractEntry test/fixtures/id_dsa.pub
258 silly gunzTarPerm modified mode [ 'test/fixtures/id_dsa.pub', 436, 438 ]
259 silly gunzTarPerm extractEntry test/fixtures/id_rsa
260 silly gunzTarPerm modified mode [ 'test/fixtures/id_rsa', 436, 438 ]
261 silly gunzTarPerm extractEntry test/fixtures/id_dsa
262 silly gunzTarPerm modified mode [ 'test/fixtures/id_dsa', 436, 438 ]
263 silly gunzTarPerm extractEntry test/fixtures/id_ecdsa
264 silly gunzTarPerm modified mode [ 'test/fixtures/id_ecdsa', 436, 438 ]
265 silly gunzTarPerm extractEntry test/fixtures/id_rsa.bad
266 silly gunzTarPerm modified mode [ 'test/fixtures/id_rsa.bad', 436, 438 ]
267 silly gunzTarPerm extractEntry test/fixtures/id_rsa.bad.pub
268 silly gunzTarPerm modified mode [ 'test/fixtures/id_rsa.bad.pub', 436, 438 ]
269 silly gunzTarPerm extractEntry test/fixtures/id_rsa.pub
270 silly gunzTarPerm modified mode [ 'test/fixtures/id_rsa.pub', 436, 438 ]
271 silly gunzTarPerm extractEntry test/fixtures/id_rsa
272 silly gunzTarPerm modified mode [ 'test/fixtures/id_rsa', 436, 438 ]
273 silly gunzTarPerm extractEntry test/fixtures/id_rsa.ppk
274 silly gunzTarPerm modified mode [ 'test/fixtures/id_rsa.ppk', 436, 438 ]
275 silly gunzTarPerm extractEntry test/fixtures/id_rsa_enc
276 silly gunzTarPerm modified mode [ 'test/fixtures/id_rsa_enc', 436, 438 ]
277 silly gunzTarPerm extractEntry test/fixtures/ssh_host_dsa_key
278 silly gunzTarPerm modified mode [ 'test/fixtures/ssh_host_dsa_key', 436, 438 ]
279 silly gunzTarPerm extractEntry test/fixtures/ssh_host_ecdsa_key
280 silly gunzTarPerm modified mode [ 'test/fixtures/ssh_host_ecdsa_key', 436, 438 ]
281 silly gunzTarPerm extractEntry test/fixtures/ssh_host_rsa_key
282 silly gunzTarPerm modified mode [ 'test/fixtures/ssh_host_rsa_key', 436, 438 ]
283 silly gunzTarPerm extractEntry test/fixtures/ssh_host_rsa_key.pub
284 silly gunzTarPerm modified mode [ 'test/fixtures/ssh_host_rsa_key.pub', 436, 438 ]
285 silly gunzTarPerm extractEntry test/fixtures/ssh_host_rsa_key
286 silly gunzTarPerm modified mode [ 'test/fixtures/ssh_host_rsa_key', 436, 438 ]
287 silly gunzTarPerm extractEntry test/test-client-server.js
288 silly gunzTarPerm modified mode [ 'test/test-client-server.js', 436, 438 ]
289 silly gunzTarPerm extractEntry test/fixtures/sshd_config
290 silly gunzTarPerm modified mode [ 'test/fixtures/sshd_config', 436, 438 ]
291 silly gunzTarPerm extractEntry test/temp/
292 silly gunzTarPerm modified mode [ 'test/temp/', 509, 511 ]
293 silly gunzTarPerm extractEntry test/temp/.gitignore
294 silly gunzTarPerm modified mode [ 'test/temp/.gitignore', 436, 438 ]
295 silly gunzTarPerm extractEntry test/test-integration-sftp.js
296 silly gunzTarPerm modified mode [ 'test/test-integration-sftp.js', 436, 438 ]
297 silly gunzTarPerm extractEntry test/test-openssh.js
298 silly gunzTarPerm modified mode [ 'test/test-openssh.js', 436, 438 ]
299 silly gunzTarPerm extractEntry test/test.js
300 silly gunzTarPerm modified mode [ 'test/test.js', 436, 438 ]
301 silly gunzTarPerm extractEntry test/test-integration.js
302 silly gunzTarPerm modified mode [ 'test/test-integration.js', 436, 438 ]
303 silly gunzTarPerm extractEntry test/test-keyparser.js
304 silly gunzTarPerm modified mode [ 'test/test-keyparser.js', 436, 438 ]
305 silly gunzTarPerm extractEntry test/test.js
306 silly gunzTarPerm modified mode [ 'test/test.js', 436, 438 ]
307 silly gunzTarPerm extractEntry util/
308 silly gunzTarPerm modified mode [ 'util/', 509, 511 ]
309 silly gunzTarPerm extractEntry util/build_pagent.bat
310 silly gunzTarPerm modified mode [ 'util/build_pagent.bat', 436, 438 ]
311 silly gunzTarPerm extractEntry util/pagent.c
312 silly gunzTarPerm modified mode [ 'util/pagent.c', 436, 438 ]
313 silly gunzTarPerm extractEntry util/pagent.exe
314 silly gunzTarPerm modified mode [ 'util/pagent.exe', 436, 438 ]
315 silly gunzTarPerm extractEntry util/
316 silly gunzTarPerm modified mode [ 'util/', 509, 511 ]
317 silly gunzTarPerm extractEntry util/build_pagent.bat
318 silly gunzTarPerm modified mode [ 'util/build_pagent.bat', 436, 438 ]
319 silly gunzTarPerm extractEntry util/pagent.c
320 silly gunzTarPerm modified mode [ 'util/pagent.c', 436, 438 ]
321 silly gunzTarPerm extractEntry util/pagent.exe
322 silly gunzTarPerm modified mode [ 'util/pagent.exe', 436, 438 ]
323 silly gentlyRm C:\frontendclass\project\Sushi\node_modules\.staging\ssh2-88719fd2\node_modules is being purged
324 verbose gentlyRm don't care about contents; nuking C:\frontendclass\project\Sushi\node_modules\.staging\ssh2-88719fd2\node_modules
325 silly gentlyRm C:\frontendclass\project\Sushi\node_modules\.staging\ssh2-6e79f70f\node_modules is being purged
326 verbose gentlyRm don't care about contents; nuking C:\frontendclass\project\Sushi\node_modules\.staging\ssh2-6e79f70f\node_modules
327 silly doParallel preinstall 2
328 silly preinstall ssh2@0.3.6 C:\frontendclass\project\Sushi\node_modules\.staging\ssh2-6e79f70f
329 info lifecycle ssh2@0.3.6~preinstall: ssh2@0.3.6
330 silly preinstall ssh2@0.5.2 C:\frontendclass\project\Sushi\node_modules\.staging\ssh2-88719fd2
331 info lifecycle ssh2@0.5.2~preinstall: ssh2@0.5.2
332 silly lifecycle ssh2@0.3.6~preinstall: no script for preinstall, continuing
333 silly lifecycle ssh2@0.5.2~preinstall: no script for preinstall, continuing
334 silly doReverseSerial remove 0
335 silly doSerial move 1
336 silly move C:\frontendclass\project\Sushi\node_modules\ssh2\node_modules\readable-stream C:\frontendclass\project\Sushi\node_modules\gulp-sftp\node_modules\readable-stream
337 info lifecycle readable-stream@1.0.27-1~preuninstall: readable-stream@1.0.27-1
338 silly lifecycle readable-stream@1.0.27-1~preuninstall: no script for preuninstall, continuing
339 info lifecycle readable-stream@1.0.27-1~uninstall: readable-stream@1.0.27-1
340 silly lifecycle readable-stream@1.0.27-1~uninstall: no script for uninstall, continuing
341 verbose unbuild rmStuff readable-stream@1.0.27-1 from C:\frontendclass\project\Sushi\node_modules
342 verbose unbuild rmStuff in C:\frontendclass\project\Sushi\node_modules\ssh2\node_modules
343 info lifecycle readable-stream@1.0.27-1~postuninstall: readable-stream@1.0.27-1
344 silly lifecycle readable-stream@1.0.27-1~postuninstall: no script for postuninstall, continuing
345 silly move move existing destination node_modules away C:\frontendclass\project\Sushi\node_modules\gulp-sftp\node_modules\readable-stream\node_modules
346 silly move remove existing destination C:\frontendclass\project\Sushi\node_modules\gulp-sftp\node_modules\readable-stream
347 silly move make sure destination parent exists C:\frontendclass\project\Sushi\node_modules\gulp-sftp\node_modules
348 silly move move source node_modules away C:\frontendclass\project\Sushi\node_modules\ssh2\node_modules\readable-stream\node_modules
349 silly move move module dir to final dest C:\frontendclass\project\Sushi\node_modules\ssh2\node_modules\readable-stream C:\frontendclass\project\Sushi\node_modules\gulp-sftp\node_modules\readable-stream
350 info lifecycle readable-stream@1.0.27-1~preinstall: readable-stream@1.0.27-1
351 silly lifecycle readable-stream@1.0.27-1~preinstall: no script for preinstall, continuing
352 silly doSerial finalize 2
353 silly finalize C:\frontendclass\project\Sushi\node_modules\gulp-sftp\node_modules\ssh2
354 silly finalize C:\frontendclass\project\Sushi\node_modules\ssh2
355 verbose unlock done using C:\Users\gelfmanr\AppData\Roaming\npm-cache\_locks\staging-6c960b6d40170f20.lock for C:\frontendclass\project\Sushi\node_modules\.staging
356 silly rollbackFailedOptional Starting
357 silly rollbackFailedOptional Finishing
358 silly runTopLevelLifecycles Starting
359 silly runTopLevelLifecycles Finishing
360 silly install printInstalled
361 warn enoent ENOENT: no such file or directory, open 'C:\frontendclass\project\Sushi\node_modules\findup-sync\package.json'
362 verbose stack Error: EPERM: operation not permitted, rename 'C:\frontendclass\project\Sushi\node_modules\ssh2' -> 'C:\frontendclass\project\Sushi\node_modules\.ssh2.DELETE'
362 verbose stack     at moveAway (C:\Program Files\nodejs\node_modules\npm\lib\install\action\finalize.js:38:5)
362 verbose stack     at destStatted (C:\Program Files\nodejs\node_modules\npm\lib\install\action\finalize.js:27:7)
362 verbose stack     at FSReqWrap.oncomplete (fs.js:123:15)
362 verbose stack
362 verbose stack Error: EPERM: operation not permitted, rename 'C:\frontendclass\project\Sushi\node_modules\ssh2' -> 'C:\frontendclass\project\Sushi\node_modules\.ssh2.DELETE'
362 verbose stack     at Error (native)
363 verbose cwd C:\frontendclass\project\Sushi
364 error Windows_NT 6.1.7601
365 error argv "C:\\Program Files\\nodejs\\node.exe" "C:\\Program Files\\nodejs\\node_modules\\npm\\bin\\npm-cli.js" "install" "ssh2"
366 error node v6.6.0
367 error npm  v3.10.3
368 error path C:\frontendclass\project\Sushi\node_modules\ssh2
369 error code EPERM
370 error errno -4048
371 error syscall rename
372 error Error: EPERM: operation not permitted, rename 'C:\frontendclass\project\Sushi\node_modules\ssh2' -> 'C:\frontendclass\project\Sushi\node_modules\.ssh2.DELETE'
372 error     at moveAway (C:\Program Files\nodejs\node_modules\npm\lib\install\action\finalize.js:38:5)
372 error     at destStatted (C:\Program Files\nodejs\node_modules\npm\lib\install\action\finalize.js:27:7)
372 error     at FSReqWrap.oncomplete (fs.js:123:15)
372 error
372 error Error: EPERM: operation not permitted, rename 'C:\frontendclass\project\Sushi\node_modules\ssh2' -> 'C:\frontendclass\project\Sushi\node_modules\.ssh2.DELETE'
372 error     at Error (native)
372 error  { Error: EPERM: operation not permitted, rename 'C:\frontendclass\project\Sushi\node_modules\ssh2' -> 'C:\frontendclass\project\Sushi\node_modules\.ssh2.DELETE'
372 error     at moveAway (C:\Program Files\nodejs\node_modules\npm\lib\install\action\finalize.js:38:5)
372 error     at destStatted (C:\Program Files\nodejs\node_modules\npm\lib\install\action\finalize.js:27:7)
372 error     at FSReqWrap.oncomplete (fs.js:123:15)
372 error
372 error Error: EPERM: operation not permitted, rename 'C:\frontendclass\project\Sushi\node_modules\ssh2' -> 'C:\frontendclass\project\Sushi\node_modules\.ssh2.DELETE'
372 error     at Error (native) parent: 'pictureviewer' }
373 error Please try running this command again as root/Administrator.
374 verbose exit [ -4048, true ]
